<?xml version="1.0" encoding="UTF-8"?>
<!-- Generated by org.testng.reporters.JUnitReportReporter -->
<testsuite skipped="0" hostname="SYD840G335" name="getRequest.GetData" tests="5" failures="0" timestamp="12 May 2019 15:11:02 GMT" time="23.806" errors="0">
  <testcase name="testResponsetime" time="6.184" classname="getRequest.GetData"/>
  <testcase name="GetStatusLine" time="6.806" classname="getRequest.GetData"/>
  <testcase name="teststatusHeader" time="5.422" classname="getRequest.GetData"/>
  <testcase name="testResponseBody" time="2.913" classname="getRequest.GetData"/>
  <testcase name="testResponseCode" time="2.481" classname="getRequest.GetData"/>
</testsuite> <!-- getRequest.GetData -->
